<?xml version="1.0" encoding="UTF-8"?>
<testsuite name="DictionaryTest" tests="1" skipped="0" failures="0" errors="0" timestamp="2021-10-28T12:26:39" hostname="DESKTOP-C8RHKUD" time="0.008">
  <properties/>
  <testcase name="testMulpTranslation" classname="DictionaryTest" time="0.008"/>
  <system-out><![CDATA[]]></system-out>
  <system-err><![CDATA[]]></system-err>
</testsuite>
